16:11:54.443 INFO  - Processing command line option -hwspec /home/vens/classes/Fall2014/cpre488/labs/mp0/MP-0/system/SDK/SDK_Export/hw/system.xml. 
16:27:15.678 WARN  - Unable to obtain port 2350 for use by XMD, java.net.BindException: Address already in use 
16:34:09.822 INFO  - FPGA configured successfully with bitstream "/home/vens/classes/Fall2014/cpre488/labs/mp0/MP-0/sw/system_hw_platform/system.bit" 
16:35:29.105 INFO  - Processor reset is completed for ps7_cortexa9_0 
16:35:29.205 INFO  - PS initialization will be done as it is not done before. 
16:35:29.261 INFO  - Running PS initialization.... 
16:35:30.320 INFO  - ps7_init is completed. 
16:35:30.420 INFO  - ps7_post_config is completed. 
16:35:30.520 INFO  - PS Initialization is complete. 
16:42:35.397 INFO  - Processor reset is completed for ps7_cortexa9_0 
16:43:58.290 INFO  - ps7_cortexa9_0 Processor is in use. Please stop existing Run or Debug sessions before launching. 
16:44:05.399 INFO  - Processor reset is completed for ps7_cortexa9_0 
16:44:54.578 INFO  - ps7_cortexa9_0 Processor is in use. Please stop existing Run or Debug sessions before launching. 
16:44:59.383 INFO  - Processor reset is completed for ps7_cortexa9_0 
16:49:40.260 INFO  - Processor reset is completed for ps7_cortexa9_0 
16:49:59.228 INFO  - ps7_cortexa9_0 Processor is in use. Please stop existing Run or Debug sessions before launching. 
16:50:02.406 INFO  - Processor reset is completed for ps7_cortexa9_0 
16:51:25.208 INFO  - ps7_cortexa9_0 Processor is in use. Please stop existing Run or Debug sessions before launching. 
16:51:32.403 INFO  - Processor reset is completed for ps7_cortexa9_0 
16:53:13.009 INFO  - ps7_cortexa9_0 Processor is in use. Please stop existing Run or Debug sessions before launching. 
16:53:16.409 INFO  - Processor reset is completed for ps7_cortexa9_0 
16:53:41.011 INFO  - ps7_cortexa9_0 Processor is in use. Please stop existing Run or Debug sessions before launching. 
16:53:44.412 INFO  - Processor reset is completed for ps7_cortexa9_0 
18:01:08.199 INFO  - FPGA Cable Disconnected. All active launches will be terminated. 
18:01:46.694 ERROR - Unexpected error while parsing XMD response ￿: com.google.gson.JsonSyntaxException: com.google.gson.stream.MalformedJsonException: invalid number or unquoted string near  
21:17:18.602 INFO  - Processing command line option -hwspec /home/vens/classes/Fall2014/cpre488/labs/mp0/MP-0/system/SDK/SDK_Export/hw/system.xml. 
21:17:20.618 INFO  - The hardware specification for project 'system_hw_platform' is different from /home/vens/classes/Fall2014/cpre488/labs/mp0/MP-0/system/SDK/SDK_Export/hw/system.xml. 
21:17:20.986 INFO  - Copied contents of /home/vens/classes/Fall2014/cpre488/labs/mp0/MP-0/system/SDK/SDK_Export/hw/system.xml into /system_hw_platform/system.xml. 
21:17:21.567 INFO  - Copied contents of /home/vens/classes/Fall2014/cpre488/labs/mp0/MP-0/system/SDK/SDK_Export/hw/system.bit into /system_hw_platform/system.bit. 
21:17:23.391 INFO  - Copied contents of /home/vens/classes/Fall2014/cpre488/labs/mp0/MP-0/system/SDK/SDK_Export/hw/ps7_init.c into /system_hw_platform/ps7_init.c. 
21:17:23.840 INFO  - Copied contents of /home/vens/classes/Fall2014/cpre488/labs/mp0/MP-0/system/SDK/SDK_Export/hw/ps7_init.h into /system_hw_platform/ps7_init.h. 
21:17:24.409 INFO  - Copied contents of /home/vens/classes/Fall2014/cpre488/labs/mp0/MP-0/system/SDK/SDK_Export/hw/ps7_init.html into /system_hw_platform/ps7_init.html. 
21:17:24.709 INFO  - Copied contents of /home/vens/classes/Fall2014/cpre488/labs/mp0/MP-0/system/SDK/SDK_Export/hw/ps7_init.tcl into /system_hw_platform/ps7_init.tcl. 
21:17:25.550 INFO  - Synchronizing projects in the workspace with the hardware platform specification changes. 
21:17:28.121 INFO  - Updating MSS for Board Support Package Project: cyclone_checker_bsp.
		 The following new driver assignments were made:
			Peripheral Instance: axi_vdma_0, driver: axivdma_v4_05_a.
			Peripheral Instance: v_tc_0, driver: vtc_v4_00_a.
 
21:17:28.952 INFO  - Updating MSS for Board Support Package Project: hello_world_bsp.
		 The following new driver assignments were made:
			Peripheral Instance: axi_vdma_0, driver: axivdma_v4_05_a.
			Peripheral Instance: v_tc_0, driver: vtc_v4_00_a.
 
21:17:29.784 INFO  - Updating hardware inferred compiler options for cyclone_checker. 
21:17:30.542 INFO  - Updating hardware inferred compiler options for hello_world. 
21:17:30.561 INFO  - Clearing existing target manager status. 
21:18:24.277 ERROR - Unexpected error while parsing XMD response ￿: com.google.gson.JsonSyntaxException: com.google.gson.stream.MalformedJsonException: invalid number or unquoted string near  
21:44:41.416 INFO  - Processing command line option -hwspec /tmp/cpre488/MP-0/system/SDK/SDK_Export/hw/system.xml. 
21:44:43.322 INFO  - The hardware specification for project 'system_hw_platform' is different from /tmp/cpre488/MP-0/system/SDK/SDK_Export/hw/system.xml. 
21:44:43.336 INFO  - Copied contents of /tmp/cpre488/MP-0/system/SDK/SDK_Export/hw/system.xml into /system_hw_platform/system.xml. 
21:44:43.345 INFO  - Copied contents of /tmp/cpre488/MP-0/system/SDK/SDK_Export/hw/system.bit into /system_hw_platform/system.bit. 
21:44:43.430 INFO  - Copied contents of /tmp/cpre488/MP-0/system/SDK/SDK_Export/hw/ps7_init.c into /system_hw_platform/ps7_init.c. 
21:44:43.431 INFO  - Copied contents of /tmp/cpre488/MP-0/system/SDK/SDK_Export/hw/ps7_init.h into /system_hw_platform/ps7_init.h. 
21:44:43.433 INFO  - Copied contents of /tmp/cpre488/MP-0/system/SDK/SDK_Export/hw/ps7_init.html into /system_hw_platform/ps7_init.html. 
21:44:43.433 INFO  - Copied contents of /tmp/cpre488/MP-0/system/SDK/SDK_Export/hw/ps7_init.tcl into /system_hw_platform/ps7_init.tcl. 
21:44:44.216 INFO  - Synchronizing projects in the workspace with the hardware platform specification changes. 
21:45:03.976 INFO  - Updating hardware inferred compiler options for cyclone_checker. 
21:45:04.731 INFO  - Updating hardware inferred compiler options for hello_world. 
21:45:04.779 INFO  - Clearing existing target manager status. 
22:15:19.292 ERROR - Unexpected error while parsing XMD response ￿: com.google.gson.JsonSyntaxException: com.google.gson.stream.MalformedJsonException: invalid number or unquoted string near  
16:05:39.454 INFO  - Project system_hw_platform's source hardware specification located at /tmp/cpre488/MP-0/system/SDK/SDK_Export/hw/system.xml is now different from the local copy.
		 The local copy will be replaced with the source specification and your workspace will be updated. 
16:05:45.061 INFO  - Copied contents of /tmp/cpre488/MP-0/system/SDK/SDK_Export/hw/system.xml into /system_hw_platform/system.xml. 
16:05:45.074 INFO  - Copied contents of /tmp/cpre488/MP-0/system/SDK/SDK_Export/hw/system.bit into /system_hw_platform/system.bit. 
16:05:45.139 INFO  - Copied contents of /tmp/cpre488/MP-0/system/SDK/SDK_Export/hw/ps7_init.c into /system_hw_platform/ps7_init.c. 
16:05:45.140 INFO  - Copied contents of /tmp/cpre488/MP-0/system/SDK/SDK_Export/hw/ps7_init.h into /system_hw_platform/ps7_init.h. 
16:05:45.143 INFO  - Copied contents of /tmp/cpre488/MP-0/system/SDK/SDK_Export/hw/ps7_init.html into /system_hw_platform/ps7_init.html. 
16:05:45.145 INFO  - Copied contents of /tmp/cpre488/MP-0/system/SDK/SDK_Export/hw/ps7_init.tcl into /system_hw_platform/ps7_init.tcl. 
16:05:46.031 INFO  - Synchronizing projects in the workspace with the hardware platform specification changes. 
16:06:10.187 INFO  - Updating hardware inferred compiler options for cyclone_checker. 
16:06:10.942 INFO  - Updating hardware inferred compiler options for hello_world. 
16:06:11.693 INFO  - Updating hardware inferred compiler options for vga_test. 
16:06:11.729 INFO  - Clearing existing target manager status. 
16:06:12.005 WARN  - Unable to obtain port 2350 for use by XMD, java.net.BindException: Address already in use 
16:24:21.138 INFO  - Updating .bit and .bmm files from XPS's export folder. 
16:24:36.752 INFO  - Copied contents of /tmp/cpre488/MP-0/system/SDK/SDK_Export/hw/system.bit into /system_hw_platform/system.bit. 
16:25:19.730 ERROR - Unexpected error while parsing XMD response ￿: com.google.gson.JsonSyntaxException: com.google.gson.stream.MalformedJsonException: invalid number or unquoted string near  
16:25:27.562 INFO  - Processing command line option -hwspec /tmp/cpre488/MP-0/system/SDK/SDK_Export/hw/system.xml. 
16:28:02.702 WARN  - Unable to obtain port 2350 for use by XMD, java.net.BindException: Address already in use 
16:31:18.250 INFO  - FPGA configured successfully with bitstream "/tmp/cpre488/MP-0/sw/system_hw_platform/system.bit" 
16:33:02.343 INFO  - Processor reset is completed for ps7_cortexa9_0 
16:33:02.443 INFO  - PS initialization will be done as it is not done before. 
16:33:02.444 INFO  - Running PS initialization.... 
16:33:03.478 INFO  - ps7_init is completed. 
16:33:03.578 INFO  - ps7_post_config is completed. 
16:33:03.678 INFO  - PS Initialization is complete. 
16:48:18.900 INFO  - Processor reset is completed for ps7_cortexa9_0 
16:49:52.241 INFO  - Processor reset is completed for ps7_cortexa9_0 
