INFO:EDK - INFO:Security:51 - The XILINXD_LICENSE_FILE environment variable is
   not set.
   INFO:Security:52 - The LM_LICENSE_FILE environment variable is set to
   '2201@mitch.ece.iastate.edu:1717@io.ece.iastate.edu:27006@io.ece.iastate.edu'
   .
   WARNING:Security:43 - No license file was found in the standard Xilinx
   license directory.
   WARNING:Security:44 - Since no license file was found,
          please run the Xilinx License Configuration Manager
          (xlcm or "Manage Xilinx Licenses")
          to assist in obtaining a license.
   WARNING:Security:42 - Your software subscription period has lapsed. Your
   current version of Xilinx tools will continue to function, but you no longer
   qualify for Xilinx software updates or new releases.

WARNING:EDK:4092 - IPNAME: axi_gpio, INSTANCE: SWs_8Bits - Pre-Production
   version not verified on hardware for architecture 'zynq' -
   /home/vens/classes/Fall2014/cpre488/labs/mp0/MP-0/system/system.mhs line 51 
WARNING:EDK:4092 - IPNAME: axi_gpio, INSTANCE: LEDs_8Bits - Pre-Production
   version not verified on hardware for architecture 'zynq' -
   /home/vens/classes/Fall2014/cpre488/labs/mp0/MP-0/system/system.mhs line 65 
WARNING:EDK:4092 - IPNAME: axi_gpio, INSTANCE: BTNs_5Bits - Pre-Production
   version not verified on hardware for architecture 'zynq' -
   /home/vens/classes/Fall2014/cpre488/labs/mp0/MP-0/system/system.mhs line 79 
WARNING:EDK:4092 - IPNAME: processing_system7, INSTANCE: processing_system7_0 -
   Pre-Production version not verified on hardware for architecture 'zynq' -
   /home/vens/classes/Fall2014/cpre488/labs/mp0/MP-0/system/system.mhs line 93 
WARNING:EDK:4107 - IPNAME: axi_vdma, INSTANCE: axi_vdma_0 - base address
   C_BASEADDR (0xffffffff) is greater than high address C_HIGHADDR (0x00000000)
   - /home/vens/classes/Fall2014/cpre488/labs/mp0/MP-0/system/system.mhs line
   192 
WARNING:EDK:4092 - IPNAME: axi_vdma, INSTANCE: axi_vdma_0 - Pre-Production
   version not verified on hardware for architecture 'zynq' -
   /home/vens/classes/Fall2014/cpre488/labs/mp0/MP-0/system/system.mhs line 189 
WARNING:EDK:4107 - IPNAME: v_tc, INSTANCE: v_tc_0 - base address C_BASEADDR
   (0xffffffff) is greater than high address C_HIGHADDR (0x00000000) -
   /home/vens/classes/Fall2014/cpre488/labs/mp0/MP-0/system/system.mhs line 215 
WARNING:EDK:4092 - IPNAME: axi_gpio, INSTANCE: SWs_8Bits - Pre-Production
   version not verified on hardware for architecture 'zynq' -
   /home/vens/classes/Fall2014/cpre488/labs/mp0/MP-0/system/system.mhs line 51 
WARNING:EDK:4092 - IPNAME: axi_gpio, INSTANCE: LEDs_8Bits - Pre-Production
   version not verified on hardware for architecture 'zynq' -
   /home/vens/classes/Fall2014/cpre488/labs/mp0/MP-0/system/system.mhs line 65 
WARNING:EDK:4092 - IPNAME: axi_gpio, INSTANCE: BTNs_5Bits - Pre-Production
   version not verified on hardware for architecture 'zynq' -
   /home/vens/classes/Fall2014/cpre488/labs/mp0/MP-0/system/system.mhs line 79 
WARNING:EDK:4092 - IPNAME: processing_system7, INSTANCE: processing_system7_0 -
   Pre-Production version not verified on hardware for architecture 'zynq' -
   /home/vens/classes/Fall2014/cpre488/labs/mp0/MP-0/system/system.mhs line 93 
WARNING:EDK:4107 - IPNAME: axi_vdma, INSTANCE: axi_vdma_0 - base address
   C_BASEADDR (0xffffffff) is greater than high address C_HIGHADDR (0x00000000)
   - /home/vens/classes/Fall2014/cpre488/labs/mp0/MP-0/system/system.mhs line
   192 
WARNING:EDK:4092 - IPNAME: axi_vdma, INSTANCE: axi_vdma_0 - Pre-Production
   version not verified on hardware for architecture 'zynq' -
   /home/vens/classes/Fall2014/cpre488/labs/mp0/MP-0/system/system.mhs line 189 
WARNING:EDK:4107 - IPNAME: v_tc, INSTANCE: v_tc_0 - base address C_BASEADDR
   (0xffffffff) is greater than high address C_HIGHADDR (0x00000000) -
   /home/vens/classes/Fall2014/cpre488/labs/mp0/MP-0/system/system.mhs line 215 
WARNING:EDK:3967 - axi_vdma (axi_vdma_0) - ADDRESS specified by PARAMETER
   C_BASEADDR is ignored -
   /home/vens/classes/Fall2014/cpre488/labs/mp0/MP-0/system/system.mhs line 189 
WARNING:EDK:3967 - v_tc (v_tc_0) - ADDRESS specified by PARAMETER C_BASEADDR is
   ignored - /home/vens/classes/Fall2014/cpre488/labs/mp0/MP-0/system/system.mhs
   line 212 
ERROR:EDK:4125 - IPNAME: axi_vdma, INSTANCE: axi_vdma_0, PORT: m_axis_mm2s_aclk
   - ASSIGNMENT=REQUIRE is defined in the MPD. You must specify a connection in
   the MHS. 
ERROR:EDK:4125 - IPNAME: v_axi4s_vid_out, INSTANCE: v_axi4s_vid_out_0, PORT:
   video_out_clk - ASSIGNMENT=REQUIRE is defined in the MPD. You must specify a
   connection in the MHS. 
WARNING:EDK:3967 - axi_vdma (axi_vdma_0) - ADDRESS specified by PARAMETER
   C_BASEADDR is ignored -
   /home/vens/classes/Fall2014/cpre488/labs/mp0/MP-0/system/system.mhs line 189 
WARNING:EDK:3967 - v_tc (v_tc_0) - ADDRESS specified by PARAMETER C_BASEADDR is
   ignored - /home/vens/classes/Fall2014/cpre488/labs/mp0/MP-0/system/system.mhs
   line 212 
ERROR:EDK:4125 - IPNAME: axi_vdma, INSTANCE: axi_vdma_0, PORT: m_axis_mm2s_aclk
   - ASSIGNMENT=REQUIRE is defined in the MPD. You must specify a connection in
   the MHS. 
ERROR:EDK:4125 - IPNAME: v_axi4s_vid_out, INSTANCE: v_axi4s_vid_out_0, PORT:
   video_out_clk - ASSIGNMENT=REQUIRE is defined in the MPD. You must specify a
   connection in the MHS. 
INFO:coreutil - Full license for component <v_tc> allows you to use this
   component. This license does not give you access to source code implementing
   this component.

   The license for this core was generated for skovarik@iastate.edu on
   10/14/2013It is the responsibility of the Licensee of this core to adhere to
   all terms and conditions of the applicable license agreement when using this
   core.


WARNING:EDK:3967 - axi_vdma (axi_vdma_0) - ADDRESS specified by PARAMETER
   C_BASEADDR is ignored -
   /home/vens/classes/Fall2014/cpre488/labs/mp0/MP-0/system/system.mhs line 189 
WARNING:EDK:3967 - v_tc (v_tc_0) - ADDRESS specified by PARAMETER C_BASEADDR is
   ignored - /home/vens/classes/Fall2014/cpre488/labs/mp0/MP-0/system/system.mhs
   line 212 
ERROR:EDK:4125 - IPNAME: axi_vdma, INSTANCE: axi_vdma_0, PORT: m_axis_mm2s_aclk
   - ASSIGNMENT=REQUIRE is defined in the MPD. You must specify a connection in
   the MHS. 
ERROR:EDK:4125 - IPNAME: v_axi4s_vid_out, INSTANCE: v_axi4s_vid_out_0, PORT:
   video_out_clk - ASSIGNMENT=REQUIRE is defined in the MPD. You must specify a
   connection in the MHS. 
WARNING:EDK:3967 - axi_vdma (axi_vdma_0) - ADDRESS specified by PARAMETER
   C_BASEADDR is ignored -
   /home/vens/classes/Fall2014/cpre488/labs/mp0/MP-0/system/system.mhs line 189 
WARNING:EDK:3967 - v_tc (v_tc_0) - ADDRESS specified by PARAMETER C_BASEADDR is
   ignored - /home/vens/classes/Fall2014/cpre488/labs/mp0/MP-0/system/system.mhs
   line 212 
ERROR:EDK:4125 - IPNAME: axi_vdma, INSTANCE: axi_vdma_0, PORT: m_axis_mm2s_aclk
   - ASSIGNMENT=REQUIRE is defined in the MPD. You must specify a connection in
   the MHS. 
ERROR:EDK:4125 - IPNAME: v_axi4s_vid_out, INSTANCE: v_axi4s_vid_out_0, PORT:
   video_out_clk - ASSIGNMENT=REQUIRE is defined in the MPD. You must specify a
   connection in the MHS. 
INFO:coreutil - Full license for component <v_tc> allows you to use this
   component. This license does not give you access to source code implementing
   this component.

   The license for this core was generated for skovarik@iastate.edu on
   10/14/2013It is the responsibility of the Licensee of this core to adhere to
   all terms and conditions of the applicable license agreement when using this
   core.


